\BOOKMARK [0][-]{chapter.1}{Introduction}{}% 1
\BOOKMARK [1][-]{section.1.1}{Contexte}{chapter.1}% 2
\BOOKMARK [1][-]{section.1.2}{Objectif du document}{chapter.1}% 3
\BOOKMARK [1][-]{section.1.3}{Sp\351cifications - Probl\351matique}{chapter.1}% 4
\BOOKMARK [1][-]{section.1.4}{M\351thodologie}{chapter.1}% 5
\BOOKMARK [0][-]{chapter.2}{M\351thodes}{}% 6
\BOOKMARK [1][-]{section.2.1}{M\351thodes}{chapter.2}% 7
\BOOKMARK [0][-]{chapter.3}{R\351sultats}{}% 8
\BOOKMARK [1][-]{section.3.1}{Choix d'impl\351mentation et variations effectu\351es}{chapter.3}% 9
\BOOKMARK [1][-]{section.3.2}{LunarPhysics}{chapter.3}% 10
\BOOKMARK [2][-]{subsection.3.2.1}{PhysicalObject}{section.3.2}% 11
\BOOKMARK [2][-]{subsection.3.2.2}{PhysicsSimulator}{section.3.2}% 12
\BOOKMARK [2][-]{subsection.3.2.3}{Simulatable}{section.3.2}% 13
\BOOKMARK [2][-]{subsection.3.2.4}{Particles}{section.3.2}% 14
\BOOKMARK [2][-]{subsection.3.2.5}{Ground}{section.3.2}% 15
\BOOKMARK [2][-]{subsection.3.2.6}{Constants}{section.3.2}% 16
\BOOKMARK [2][-]{subsection.3.2.7}{Collisionable}{section.3.2}% 17
\BOOKMARK [1][-]{section.3.3}{LunarMain}{chapter.3}% 18
\BOOKMARK [2][-]{subsection.3.3.1}{PolygonWorking}{section.3.3}% 19
\BOOKMARK [2][-]{subsection.3.3.2}{Gegner}{section.3.3}% 20
\BOOKMARK [2][-]{subsection.3.3.3}{LandZone}{section.3.3}% 21
\BOOKMARK [2][-]{subsection.3.3.4}{SpaceShip}{section.3.3}% 22
\BOOKMARK [2][-]{subsection.3.3.5}{LunarLander\137Main}{section.3.3}% 23
\BOOKMARK [0][-]{chapter.4}{Bilan}{}% 24
\BOOKMARK [1][-]{section.4.1}{Probl\350mes rencontr\351s et solutions apport\351es}{chapter.4}% 25
\BOOKMARK [1][-]{section.4.2}{Description des fonctionnalit\351s}{chapter.4}% 26
\BOOKMARK [1][-]{section.4.3}{Am\351liorations possbibles}{chapter.4}% 27
\BOOKMARK [1][-]{section.4.4}{Conclusion}{chapter.4}% 28
\BOOKMARK [1][-]{section.4.5}{Signatures et date}{chapter.4}% 29
\BOOKMARK [0][-]{appendix.A}{Package Principal}{}% 30
\BOOKMARK [0][-]{appendix.B}{Package Physique}{}% 31
